[2025-04-02 15:17:53,228: INFO: main: welcome to my log]
[2025-04-02 15:18:54,630: INFO: main: welcome to my log]
[2025-04-08 14:11:29,668: INFO: main: welcome to my log]
[2025-04-08 14:53:50,300: INFO: main: >>>>>> stage Data Ingestion stage started <<<<<<]
[2025-04-08 14:53:50,302: INFO: common: yaml file: config\config.yaml loaded successfully]
[2025-04-08 14:53:50,303: INFO: common: yaml file: params.yaml loaded successfully]
[2025-04-08 14:53:50,305: INFO: common: created directory at: artifacts]
[2025-04-08 14:53:50,307: INFO: common: created directory at: artifacts/data_ingestion]
[2025-04-08 14:53:50,309: INFO: data_ingestion: Downloading data from https://drive.google.com/file/d/1vlhZ5c7abUKF8xXERIw6m9Te8fW7ohw3/view?usp=sharing into file artifacts/data_ingestion/data.zip]
[2025-04-08 14:54:00,663: INFO: data_ingestion: Downloaded data from https://drive.google.com/file/d/1vlhZ5c7abUKF8xXERIw6m9Te8fW7ohw3/view?usp=sharing into file artifacts/data_ingestion/data.zip]
[2025-04-08 14:54:01,733: INFO: main: >>>>>> stage Data Ingestion stage completed <<<<<<

x==========x]
[2025-04-08 14:59:14,095: INFO: common: yaml file: config\config.yaml loaded successfully]
[2025-04-08 14:59:14,098: INFO: common: yaml file: params.yaml loaded successfully]
[2025-04-08 14:59:14,101: INFO: common: created directory at: artifacts]
[2025-04-08 14:59:14,104: INFO: common: created directory at: artifacts/data_ingestion]
[2025-04-08 14:59:14,106: INFO: 986331348: Downloading data from https://drive.google.com/file/d/1vlhZ5c7abUKF8xXERIw6m9Te8fW7ohw3/view?usp=sharing into file artifacts/data_ingestion/data.zip]
[2025-04-08 14:59:24,944: INFO: 986331348: Downloaded data from https://drive.google.com/file/d/1vlhZ5c7abUKF8xXERIw6m9Te8fW7ohw3/view?usp=sharing into file artifacts/data_ingestion/data.zip]
[2025-04-08 15:02:44,121: INFO: main: >>>>>> stage Data Ingestion stage started <<<<<<]
[2025-04-08 15:02:44,123: INFO: common: yaml file: config\config.yaml loaded successfully]
[2025-04-08 15:02:44,124: INFO: common: yaml file: params.yaml loaded successfully]
[2025-04-08 15:02:44,124: INFO: common: created directory at: artifacts]
[2025-04-08 15:02:44,125: INFO: common: created directory at: artifacts/data_ingestion]
[2025-04-08 15:02:44,126: INFO: data_ingestion: Downloading data from https://drive.google.com/file/d/1vlhZ5c7abUKF8xXERIw6m9Te8fW7ohw3/view?usp=sharing into file artifacts/data_ingestion/data.zip]
[2025-04-08 15:02:54,191: INFO: data_ingestion: Downloaded data from https://drive.google.com/file/d/1vlhZ5c7abUKF8xXERIw6m9Te8fW7ohw3/view?usp=sharing into file artifacts/data_ingestion/data.zip]
[2025-04-08 15:02:54,944: INFO: main: >>>>>> stage Data Ingestion stage completed <<<<<<

x==========x]
[2025-04-08 15:32:50,169: INFO: common: yaml file: config\config.yaml loaded successfully]
[2025-04-08 15:32:50,172: INFO: common: yaml file: params.yaml loaded successfully]
[2025-04-08 15:32:50,176: INFO: common: created directory at: artifacts]
[2025-04-08 15:32:50,178: INFO: common: created directory at: artifacts/prepare_base_model]
[2025-04-08 15:32:50,828: WARNING: saving_api: You are saving your model as an HDF5 file via `model.save()` or `keras.saving.save_model(model)`. This file format is considered legacy. We recommend using instead the native Keras format, e.g. `model.save('my_model.keras')` or `keras.saving.save_model(model, 'my_model.keras')`. ]
[2025-04-08 15:32:51,067: WARNING: saving_api: You are saving your model as an HDF5 file via `model.save()` or `keras.saving.save_model(model)`. This file format is considered legacy. We recommend using instead the native Keras format, e.g. `model.save('my_model.keras')` or `keras.saving.save_model(model, 'my_model.keras')`. ]
[2025-04-08 16:07:03,508: INFO: main: >>>>>> stage Data Ingestion stage started <<<<<<]
[2025-04-08 16:07:03,511: INFO: common: yaml file: config\config.yaml loaded successfully]
[2025-04-08 16:07:03,513: INFO: common: yaml file: params.yaml loaded successfully]
[2025-04-08 16:07:03,526: INFO: common: created directory at: artifacts]
[2025-04-08 16:07:03,527: INFO: common: created directory at: artifacts/data_ingestion]
[2025-04-08 16:07:03,527: INFO: data_ingestion: Downloading data from https://drive.google.com/file/d/1vlhZ5c7abUKF8xXERIw6m9Te8fW7ohw3/view?usp=sharing into file artifacts/data_ingestion/data.zip]
[2025-04-08 16:07:13,825: INFO: data_ingestion: Downloaded data from https://drive.google.com/file/d/1vlhZ5c7abUKF8xXERIw6m9Te8fW7ohw3/view?usp=sharing into file artifacts/data_ingestion/data.zip]
[2025-04-08 16:07:14,592: INFO: main: >>>>>> stage Data Ingestion stage completed <<<<<<

x==========x]
[2025-04-08 16:07:14,592: INFO: main: *******************]
[2025-04-08 16:07:14,592: INFO: main: >>>>>> stage Prepare base model started <<<<<<]
[2025-04-08 16:07:14,595: INFO: common: yaml file: config\config.yaml loaded successfully]
[2025-04-08 16:07:14,597: INFO: common: yaml file: params.yaml loaded successfully]
[2025-04-08 16:07:14,597: INFO: common: created directory at: artifacts]
[2025-04-08 16:07:14,599: INFO: common: created directory at: artifacts/prepare_base_model]
[2025-04-08 16:07:15,097: WARNING: saving_api: You are saving your model as an HDF5 file via `model.save()` or `keras.saving.save_model(model)`. This file format is considered legacy. We recommend using instead the native Keras format, e.g. `model.save('my_model.keras')` or `keras.saving.save_model(model, 'my_model.keras')`. ]
[2025-04-08 16:07:15,301: WARNING: saving_api: You are saving your model as an HDF5 file via `model.save()` or `keras.saving.save_model(model)`. This file format is considered legacy. We recommend using instead the native Keras format, e.g. `model.save('my_model.keras')` or `keras.saving.save_model(model, 'my_model.keras')`. ]
[2025-04-08 16:07:15,451: INFO: main: >>>>>> stage Prepare base model completed <<<<<<

x==========x]
[2025-04-09 14:28:46,821: INFO: common: yaml file: config\config.yaml loaded successfully]
[2025-04-09 14:28:46,862: INFO: common: yaml file: params.yaml loaded successfully]
[2025-04-09 14:28:46,870: INFO: common: created directory at: artifacts]
[2025-04-09 14:28:46,871: INFO: common: created directory at: artifacts\training]
[2025-04-09 14:28:48,144: WARNING: saving_utils: Compiled the loaded model, but the compiled metrics have yet to be built. `model.compile_metrics` will be empty until you train or evaluate the model.]
[2025-04-09 14:35:18,514: WARNING: saving_api: You are saving your model as an HDF5 file via `model.save()` or `keras.saving.save_model(model)`. This file format is considered legacy. We recommend using instead the native Keras format, e.g. `model.save('my_model.keras')` or `keras.saving.save_model(model, 'my_model.keras')`. ]
[2025-04-09 15:02:08,091: INFO: main: >>>>>> stage Data Ingestion stage started <<<<<<]
[2025-04-09 15:02:08,095: INFO: common: yaml file: config\config.yaml loaded successfully]
[2025-04-09 15:02:08,096: INFO: common: yaml file: params.yaml loaded successfully]
[2025-04-09 15:02:08,097: INFO: common: created directory at: artifacts]
[2025-04-09 15:02:08,097: INFO: common: created directory at: artifacts/data_ingestion]
[2025-04-09 15:02:08,099: INFO: data_ingestion: Downloading data from https://drive.google.com/file/d/1vlhZ5c7abUKF8xXERIw6m9Te8fW7ohw3/view?usp=sharing into file artifacts/data_ingestion/data.zip]
[2025-04-09 15:02:18,466: INFO: data_ingestion: Downloaded data from https://drive.google.com/file/d/1vlhZ5c7abUKF8xXERIw6m9Te8fW7ohw3/view?usp=sharing into file artifacts/data_ingestion/data.zip]
[2025-04-09 15:02:19,351: INFO: main: >>>>>> stage Data Ingestion stage completed <<<<<<

x==========x]
[2025-04-09 15:02:19,351: INFO: main: *******************]
[2025-04-09 15:02:19,351: INFO: main: >>>>>> stage Prepare base model started <<<<<<]
[2025-04-09 15:02:19,351: INFO: common: yaml file: config\config.yaml loaded successfully]
[2025-04-09 15:02:19,351: INFO: common: yaml file: params.yaml loaded successfully]
[2025-04-09 15:02:19,359: INFO: common: created directory at: artifacts]
[2025-04-09 15:02:19,359: INFO: common: created directory at: artifacts/prepare_base_model]
[2025-04-09 15:02:19,818: WARNING: saving_api: You are saving your model as an HDF5 file via `model.save()` or `keras.saving.save_model(model)`. This file format is considered legacy. We recommend using instead the native Keras format, e.g. `model.save('my_model.keras')` or `keras.saving.save_model(model, 'my_model.keras')`. ]
[2025-04-09 15:02:20,013: WARNING: saving_api: You are saving your model as an HDF5 file via `model.save()` or `keras.saving.save_model(model)`. This file format is considered legacy. We recommend using instead the native Keras format, e.g. `model.save('my_model.keras')` or `keras.saving.save_model(model, 'my_model.keras')`. ]
[2025-04-09 15:02:20,155: INFO: main: >>>>>> stage Prepare base model completed <<<<<<

x==========x]
[2025-04-09 15:02:20,155: INFO: main: *******************]
[2025-04-09 15:02:20,155: INFO: main: >>>>>> stage Training started <<<<<<]
[2025-04-09 15:02:20,171: INFO: common: yaml file: config\config.yaml loaded successfully]
[2025-04-09 15:02:20,171: INFO: common: yaml file: params.yaml loaded successfully]
[2025-04-09 15:02:20,171: INFO: common: created directory at: artifacts]
[2025-04-09 15:02:20,177: INFO: common: created directory at: artifacts\training]
[2025-04-09 15:02:20,395: WARNING: saving_utils: Compiled the loaded model, but the compiled metrics have yet to be built. `model.compile_metrics` will be empty until you train or evaluate the model.]
[2025-04-09 15:04:01,946: WARNING: saving_api: You are saving your model as an HDF5 file via `model.save()` or `keras.saving.save_model(model)`. This file format is considered legacy. We recommend using instead the native Keras format, e.g. `model.save('my_model.keras')` or `keras.saving.save_model(model, 'my_model.keras')`. ]
[2025-04-09 15:04:03,788: INFO: main: >>>>>> stage Training completed <<<<<<

x==========x]
[2025-04-14 15:15:09,545: INFO: main: >>>>>> stage Data Ingestion stage started <<<<<<]
[2025-04-14 15:15:09,588: INFO: common: yaml file: config\config.yaml loaded successfully]
[2025-04-14 15:15:09,588: INFO: common: yaml file: params.yaml loaded successfully]
[2025-04-14 15:15:09,588: INFO: common: created directory at: artifacts]
[2025-04-14 15:15:09,588: INFO: common: created directory at: artifacts/data_ingestion]
[2025-04-14 15:15:09,593: INFO: data_ingestion: Downloading data from https://drive.google.com/file/d/1vlhZ5c7abUKF8xXERIw6m9Te8fW7ohw3/view?usp=sharing into file artifacts/data_ingestion/data.zip]
[2025-04-14 15:15:19,248: INFO: data_ingestion: Downloaded data from https://drive.google.com/file/d/1vlhZ5c7abUKF8xXERIw6m9Te8fW7ohw3/view?usp=sharing into file artifacts/data_ingestion/data.zip]
[2025-04-14 15:15:20,121: INFO: main: >>>>>> stage Data Ingestion stage completed <<<<<<

x==========x]
[2025-04-14 15:15:20,121: INFO: main: *******************]
[2025-04-14 15:15:20,121: INFO: main: >>>>>> stage Prepare base model started <<<<<<]
[2025-04-14 15:15:20,121: INFO: common: yaml file: config\config.yaml loaded successfully]
[2025-04-14 15:15:20,127: INFO: common: yaml file: params.yaml loaded successfully]
[2025-04-14 15:15:20,127: INFO: common: created directory at: artifacts]
[2025-04-14 15:15:20,129: INFO: common: created directory at: artifacts/prepare_base_model]
[2025-04-14 15:15:20,711: WARNING: saving_api: You are saving your model as an HDF5 file via `model.save()` or `keras.saving.save_model(model)`. This file format is considered legacy. We recommend using instead the native Keras format, e.g. `model.save('my_model.keras')` or `keras.saving.save_model(model, 'my_model.keras')`. ]
[2025-04-14 15:15:20,927: WARNING: saving_api: You are saving your model as an HDF5 file via `model.save()` or `keras.saving.save_model(model)`. This file format is considered legacy. We recommend using instead the native Keras format, e.g. `model.save('my_model.keras')` or `keras.saving.save_model(model, 'my_model.keras')`. ]
[2025-04-14 15:15:21,057: INFO: main: >>>>>> stage Prepare base model completed <<<<<<

x==========x]
[2025-04-14 15:15:21,057: INFO: main: *******************]
[2025-04-14 15:15:21,057: INFO: main: >>>>>> stage Training started <<<<<<]
[2025-04-14 15:15:21,065: INFO: common: yaml file: config\config.yaml loaded successfully]
[2025-04-14 15:15:21,068: INFO: common: yaml file: params.yaml loaded successfully]
[2025-04-14 15:15:21,068: INFO: common: created directory at: artifacts]
[2025-04-14 15:15:21,070: INFO: common: created directory at: artifacts\training]
[2025-04-14 15:15:21,280: WARNING: saving_utils: Compiled the loaded model, but the compiled metrics have yet to be built. `model.compile_metrics` will be empty until you train or evaluate the model.]
[2025-04-14 15:17:01,603: WARNING: saving_api: You are saving your model as an HDF5 file via `model.save()` or `keras.saving.save_model(model)`. This file format is considered legacy. We recommend using instead the native Keras format, e.g. `model.save('my_model.keras')` or `keras.saving.save_model(model, 'my_model.keras')`. ]
[2025-04-14 15:17:01,740: INFO: main: >>>>>> stage Training completed <<<<<<

x==========x]
[2025-04-14 15:17:01,740: INFO: main: *******************]
[2025-04-14 15:17:01,740: INFO: main: >>>>>> stage Evaluation stage started <<<<<<]
[2025-04-14 15:17:01,740: INFO: common: yaml file: config\config.yaml loaded successfully]
[2025-04-14 15:17:01,756: INFO: common: yaml file: params.yaml loaded successfully]
[2025-04-14 15:17:01,756: INFO: common: created directory at: artifacts]
[2025-04-14 15:17:01,990: WARNING: saving_utils: Compiled the loaded model, but the compiled metrics have yet to be built. `model.compile_metrics` will be empty until you train or evaluate the model.]
[2025-04-14 15:17:33,627: INFO: common: json file saved at: scores.json]
[2025-04-14 15:17:33,628: INFO: common: json file saved at: scores.json]
[2025-04-14 15:17:51,417: INFO: main: >>>>>> stage Evaluation stage completed <<<<<<

x==========x]
[2025-04-14 15:33:34,858: INFO: main: >>>>>> stage Data Ingestion stage started <<<<<<]
[2025-04-14 15:33:34,858: INFO: common: yaml file: config\config.yaml loaded successfully]
[2025-04-14 15:33:34,875: INFO: common: yaml file: params.yaml loaded successfully]
[2025-04-14 15:33:34,876: INFO: common: created directory at: artifacts]
[2025-04-14 15:33:34,876: INFO: common: created directory at: artifacts/data_ingestion]
[2025-04-14 15:33:34,877: INFO: data_ingestion: Downloading data from https://drive.google.com/file/d/1vlhZ5c7abUKF8xXERIw6m9Te8fW7ohw3/view?usp=sharing into file artifacts/data_ingestion/data.zip]
[2025-04-14 15:33:44,512: INFO: data_ingestion: Downloaded data from https://drive.google.com/file/d/1vlhZ5c7abUKF8xXERIw6m9Te8fW7ohw3/view?usp=sharing into file artifacts/data_ingestion/data.zip]
[2025-04-14 15:33:45,185: INFO: main: >>>>>> stage Data Ingestion stage completed <<<<<<

x==========x]
[2025-04-14 15:33:45,185: INFO: main: *******************]
[2025-04-14 15:33:45,185: INFO: main: >>>>>> stage Prepare base model started <<<<<<]
[2025-04-14 15:33:45,185: INFO: common: yaml file: config\config.yaml loaded successfully]
[2025-04-14 15:33:45,192: INFO: common: yaml file: params.yaml loaded successfully]
[2025-04-14 15:33:45,193: INFO: common: created directory at: artifacts]
[2025-04-14 15:33:45,194: INFO: common: created directory at: artifacts/prepare_base_model]
[2025-04-14 15:33:45,642: WARNING: saving_api: You are saving your model as an HDF5 file via `model.save()` or `keras.saving.save_model(model)`. This file format is considered legacy. We recommend using instead the native Keras format, e.g. `model.save('my_model.keras')` or `keras.saving.save_model(model, 'my_model.keras')`. ]
[2025-04-14 15:33:46,320: WARNING: saving_api: You are saving your model as an HDF5 file via `model.save()` or `keras.saving.save_model(model)`. This file format is considered legacy. We recommend using instead the native Keras format, e.g. `model.save('my_model.keras')` or `keras.saving.save_model(model, 'my_model.keras')`. ]
[2025-04-14 15:33:46,951: INFO: main: >>>>>> stage Prepare base model completed <<<<<<

x==========x]
[2025-04-14 15:33:46,951: INFO: main: *******************]
[2025-04-14 15:33:46,951: INFO: main: >>>>>> stage Training started <<<<<<]
[2025-04-14 15:33:46,951: INFO: common: yaml file: config\config.yaml loaded successfully]
[2025-04-14 15:33:46,960: INFO: common: yaml file: params.yaml loaded successfully]
[2025-04-14 15:33:46,960: INFO: common: created directory at: artifacts]
[2025-04-14 15:33:46,962: INFO: common: created directory at: artifacts\training]
[2025-04-14 15:33:47,194: WARNING: saving_utils: Compiled the loaded model, but the compiled metrics have yet to be built. `model.compile_metrics` will be empty until you train or evaluate the model.]
[2025-04-14 15:35:26,216: WARNING: saving_api: You are saving your model as an HDF5 file via `model.save()` or `keras.saving.save_model(model)`. This file format is considered legacy. We recommend using instead the native Keras format, e.g. `model.save('my_model.keras')` or `keras.saving.save_model(model, 'my_model.keras')`. ]
[2025-04-14 15:35:27,684: INFO: main: >>>>>> stage Training completed <<<<<<

x==========x]
[2025-04-14 15:35:27,684: INFO: main: *******************]
[2025-04-14 15:35:27,684: INFO: main: >>>>>> stage Evaluation stage started <<<<<<]
[2025-04-14 15:35:27,700: INFO: common: yaml file: config\config.yaml loaded successfully]
[2025-04-14 15:35:27,700: INFO: common: yaml file: params.yaml loaded successfully]
[2025-04-14 15:35:27,700: INFO: common: created directory at: artifacts]
[2025-04-14 15:35:27,910: WARNING: saving_utils: Compiled the loaded model, but the compiled metrics have yet to be built. `model.compile_metrics` will be empty until you train or evaluate the model.]
[2025-04-14 15:35:59,146: INFO: common: json file saved at: scores.json]
[2025-04-14 15:35:59,146: INFO: common: json file saved at: scores.json]
[2025-04-14 15:36:37,283: INFO: main: >>>>>> stage Evaluation stage completed <<<<<<

x==========x]
[2025-04-14 15:46:27,146: INFO: main: >>>>>> stage Data Ingestion stage started <<<<<<]
[2025-04-14 15:46:27,146: INFO: common: yaml file: config\config.yaml loaded successfully]
[2025-04-14 15:46:27,164: INFO: common: yaml file: params.yaml loaded successfully]
[2025-04-14 15:46:27,165: INFO: common: created directory at: artifacts]
[2025-04-14 15:46:27,165: INFO: common: created directory at: artifacts/data_ingestion]
[2025-04-14 15:46:27,166: INFO: data_ingestion: Downloading data from https://drive.google.com/file/d/1vlhZ5c7abUKF8xXERIw6m9Te8fW7ohw3/view?usp=sharing into file artifacts/data_ingestion/data.zip]
[2025-04-14 15:46:36,573: INFO: data_ingestion: Downloaded data from https://drive.google.com/file/d/1vlhZ5c7abUKF8xXERIw6m9Te8fW7ohw3/view?usp=sharing into file artifacts/data_ingestion/data.zip]
[2025-04-14 15:46:37,281: INFO: main: >>>>>> stage Data Ingestion stage completed <<<<<<

x==========x]
[2025-04-14 15:46:37,281: INFO: main: *******************]
[2025-04-14 15:46:37,281: INFO: main: >>>>>> stage Prepare base model started <<<<<<]
[2025-04-14 15:46:37,281: INFO: common: yaml file: config\config.yaml loaded successfully]
[2025-04-14 15:46:37,281: INFO: common: yaml file: params.yaml loaded successfully]
[2025-04-14 15:46:37,281: INFO: common: created directory at: artifacts]
[2025-04-14 15:46:37,281: INFO: common: created directory at: artifacts/prepare_base_model]
[2025-04-14 15:46:37,713: WARNING: saving_api: You are saving your model as an HDF5 file via `model.save()` or `keras.saving.save_model(model)`. This file format is considered legacy. We recommend using instead the native Keras format, e.g. `model.save('my_model.keras')` or `keras.saving.save_model(model, 'my_model.keras')`. ]
[2025-04-14 15:46:38,344: WARNING: saving_api: You are saving your model as an HDF5 file via `model.save()` or `keras.saving.save_model(model)`. This file format is considered legacy. We recommend using instead the native Keras format, e.g. `model.save('my_model.keras')` or `keras.saving.save_model(model, 'my_model.keras')`. ]
[2025-04-14 15:46:39,249: INFO: main: >>>>>> stage Prepare base model completed <<<<<<

x==========x]
[2025-04-14 15:46:39,249: INFO: main: *******************]
[2025-04-14 15:46:39,249: INFO: main: >>>>>> stage Training started <<<<<<]
[2025-04-14 15:46:39,249: INFO: common: yaml file: config\config.yaml loaded successfully]
[2025-04-14 15:46:39,249: INFO: common: yaml file: params.yaml loaded successfully]
[2025-04-14 15:46:39,249: INFO: common: created directory at: artifacts]
[2025-04-14 15:46:39,249: INFO: common: created directory at: artifacts\training]
[2025-04-14 15:46:39,447: WARNING: saving_utils: Compiled the loaded model, but the compiled metrics have yet to be built. `model.compile_metrics` will be empty until you train or evaluate the model.]
[2025-04-14 15:48:38,470: WARNING: saving_api: You are saving your model as an HDF5 file via `model.save()` or `keras.saving.save_model(model)`. This file format is considered legacy. We recommend using instead the native Keras format, e.g. `model.save('my_model.keras')` or `keras.saving.save_model(model, 'my_model.keras')`. ]
[2025-04-14 15:48:39,185: INFO: main: >>>>>> stage Training completed <<<<<<

x==========x]
[2025-04-14 15:48:39,185: INFO: main: *******************]
[2025-04-14 15:48:39,186: INFO: main: >>>>>> stage Evaluation stage started <<<<<<]
[2025-04-14 15:48:39,188: INFO: common: yaml file: config\config.yaml loaded successfully]
[2025-04-14 15:48:39,191: INFO: common: yaml file: params.yaml loaded successfully]
[2025-04-14 15:48:39,192: INFO: common: created directory at: artifacts]
[2025-04-14 15:48:39,392: WARNING: saving_utils: Compiled the loaded model, but the compiled metrics have yet to be built. `model.compile_metrics` will be empty until you train or evaluate the model.]
[2025-04-14 15:49:10,716: INFO: common: json file saved at: scores.json]
[2025-04-14 15:49:10,717: INFO: common: json file saved at: scores.json]
[2025-04-14 15:49:48,575: INFO: main: >>>>>> stage Evaluation stage completed <<<<<<

x==========x]
[2025-04-15 14:38:39,063: INFO: stage_01_data_ingestion: >>>>>> stage Data Ingestion stage started <<<<<<]
[2025-04-15 14:38:39,095: INFO: common: yaml file: config\config.yaml loaded successfully]
[2025-04-15 14:38:39,112: INFO: common: yaml file: params.yaml loaded successfully]
[2025-04-15 14:38:39,114: INFO: common: created directory at: artifacts]
[2025-04-15 14:38:39,115: INFO: common: created directory at: artifacts/data_ingestion]
[2025-04-15 14:38:39,116: INFO: data_ingestion: Downloading data from https://drive.google.com/file/d/1vlhZ5c7abUKF8xXERIw6m9Te8fW7ohw3/view?usp=sharing into file artifacts/data_ingestion/data.zip]
[2025-04-15 14:38:50,008: INFO: data_ingestion: Downloaded data from https://drive.google.com/file/d/1vlhZ5c7abUKF8xXERIw6m9Te8fW7ohw3/view?usp=sharing into file artifacts/data_ingestion/data.zip]
[2025-04-15 14:38:51,023: INFO: stage_01_data_ingestion: >>>>>> stage Data Ingestion stage completed <<<<<<

x==========x]
[2025-04-15 14:43:58,250: INFO: stage_01_data_ingestion: >>>>>> stage Data Ingestion stage started <<<<<<]
[2025-04-15 14:43:58,253: INFO: common: yaml file: config\config.yaml loaded successfully]
[2025-04-15 14:43:58,255: INFO: common: yaml file: params.yaml loaded successfully]
[2025-04-15 14:43:58,255: INFO: common: created directory at: artifacts]
[2025-04-15 14:43:58,255: INFO: common: created directory at: artifacts/data_ingestion]
[2025-04-15 14:43:58,256: INFO: data_ingestion: Downloading data from https://drive.google.com/file/d/1vlhZ5c7abUKF8xXERIw6m9Te8fW7ohw3/view?usp=sharing into file artifacts/data_ingestion/data.zip]
[2025-04-15 14:44:07,927: INFO: data_ingestion: Downloaded data from https://drive.google.com/file/d/1vlhZ5c7abUKF8xXERIw6m9Te8fW7ohw3/view?usp=sharing into file artifacts/data_ingestion/data.zip]
[2025-04-15 14:44:08,645: INFO: stage_01_data_ingestion: >>>>>> stage Data Ingestion stage completed <<<<<<

x==========x]
[2025-04-15 14:44:23,902:INFO:stage_02_prepare_base_model:*******************]
[2025-04-15 14:44:23,918:INFO:stage_02_prepare_base_model:>>>>>> stage Prepare base model started <<<<<<]
[2025-04-15 14:44:23,918:INFO:common:yaml file: config\config.yaml loaded successfully]
[2025-04-15 14:44:23,918:INFO:common:yaml file: params.yaml loaded successfully]
[2025-04-15 14:44:23,918:INFO:common:created directory at: artifacts]
[2025-04-15 14:44:23,924:INFO:common:created directory at: artifacts/prepare_base_model]
[2025-04-15 14:44:24,558:WARNING:saving_api:You are saving your model as an HDF5 file via `model.save()` or `keras.saving.save_model(model)`. This file format is considered legacy. We recommend using instead the native Keras format, e.g. `model.save('my_model.keras')` or `keras.saving.save_model(model, 'my_model.keras')`. ]
[2025-04-15 14:44:24,761:WARNING:saving_api:You are saving your model as an HDF5 file via `model.save()` or `keras.saving.save_model(model)`. This file format is considered legacy. We recommend using instead the native Keras format, e.g. `model.save('my_model.keras')` or `keras.saving.save_model(model, 'my_model.keras')`. ]
[2025-04-15 14:44:24,895:INFO:stage_02_prepare_base_model:>>>>>> stage Prepare base model completed <<<<<<

x==========x]
[2025-04-15 14:45:52,996:INFO:stage_02_prepare_base_model:*******************]
[2025-04-15 14:45:52,996:INFO:stage_02_prepare_base_model:>>>>>> stage Prepare base model started <<<<<<]
[2025-04-15 14:45:52,996:INFO:common:yaml file: config\config.yaml loaded successfully]
[2025-04-15 14:45:52,996:INFO:common:yaml file: params.yaml loaded successfully]
[2025-04-15 14:45:52,996:INFO:common:created directory at: artifacts]
[2025-04-15 14:45:53,004:INFO:common:created directory at: artifacts/prepare_base_model]
[2025-04-15 14:45:53,436:WARNING:saving_api:You are saving your model as an HDF5 file via `model.save()` or `keras.saving.save_model(model)`. This file format is considered legacy. We recommend using instead the native Keras format, e.g. `model.save('my_model.keras')` or `keras.saving.save_model(model, 'my_model.keras')`. ]
[2025-04-15 14:45:53,623:WARNING:saving_api:You are saving your model as an HDF5 file via `model.save()` or `keras.saving.save_model(model)`. This file format is considered legacy. We recommend using instead the native Keras format, e.g. `model.save('my_model.keras')` or `keras.saving.save_model(model, 'my_model.keras')`. ]
[2025-04-15 14:45:53,806:INFO:stage_02_prepare_base_model:>>>>>> stage Prepare base model completed <<<<<<

x==========x]
[2025-04-15 14:46:03,494: INFO: stage_03_model_training: *******************]
[2025-04-15 14:46:03,494: INFO: stage_03_model_training: >>>>>> stage Training started <<<<<<]
[2025-04-15 14:46:03,506: INFO: common: yaml file: config\config.yaml loaded successfully]
[2025-04-15 14:46:03,506: INFO: common: yaml file: params.yaml loaded successfully]
[2025-04-15 14:46:03,509: INFO: common: created directory at: artifacts]
[2025-04-15 14:46:03,510: INFO: common: created directory at: artifacts\training]
[2025-04-15 14:46:03,829: WARNING: saving_utils: Compiled the loaded model, but the compiled metrics have yet to be built. `model.compile_metrics` will be empty until you train or evaluate the model.]
[2025-04-15 14:48:02,078: WARNING: saving_api: You are saving your model as an HDF5 file via `model.save()` or `keras.saving.save_model(model)`. This file format is considered legacy. We recommend using instead the native Keras format, e.g. `model.save('my_model.keras')` or `keras.saving.save_model(model, 'my_model.keras')`. ]
[2025-04-15 14:48:02,226: INFO: stage_03_model_training: >>>>>> stage Training completed <<<<<<

x==========x]
[2025-04-15 14:48:43,965: INFO: stage_03_model_training: *******************]
[2025-04-15 14:48:43,965: INFO: stage_03_model_training: >>>>>> stage Training started <<<<<<]
[2025-04-15 14:48:43,965: INFO: common: yaml file: config\config.yaml loaded successfully]
[2025-04-15 14:48:43,972: INFO: common: yaml file: params.yaml loaded successfully]
[2025-04-15 14:48:43,972: INFO: common: created directory at: artifacts]
[2025-04-15 14:48:43,973: INFO: common: created directory at: artifacts\training]
[2025-04-15 14:48:44,378: WARNING: saving_utils: Compiled the loaded model, but the compiled metrics have yet to be built. `model.compile_metrics` will be empty until you train or evaluate the model.]
[2025-04-15 14:50:42,130: WARNING: saving_api: You are saving your model as an HDF5 file via `model.save()` or `keras.saving.save_model(model)`. This file format is considered legacy. We recommend using instead the native Keras format, e.g. `model.save('my_model.keras')` or `keras.saving.save_model(model, 'my_model.keras')`. ]
[2025-04-15 14:50:42,261: INFO: stage_03_model_training: >>>>>> stage Training completed <<<<<<

x==========x]
[2025-04-15 14:50:55,311: INFO: stage_04_model_eval: *******************]
[2025-04-15 14:50:55,311: INFO: stage_04_model_eval: >>>>>> stage Evaluation stage started <<<<<<]
[2025-04-15 14:50:55,311: INFO: common: yaml file: config\config.yaml loaded successfully]
[2025-04-15 14:50:55,326: INFO: common: yaml file: params.yaml loaded successfully]
[2025-04-15 14:50:55,326: INFO: common: created directory at: artifacts]
[2025-04-15 14:50:55,636: WARNING: saving_utils: Compiled the loaded model, but the compiled metrics have yet to be built. `model.compile_metrics` will be empty until you train or evaluate the model.]
[2025-04-15 14:51:26,473: INFO: common: json file saved at: scores.json]
[2025-04-15 14:51:26,480: INFO: common: json file saved at: scores.json]
[2025-04-15 14:52:09,769: INFO: stage_04_model_eval: >>>>>> stage Evaluation stage completed <<<<<<

x==========x]
